[Mon Aug 17 00:57:33 MDT 2020] - INFO testing.java.passoff.ServerTest: 	Setting up File Handler Default Test...
[Mon Aug 17 00:57:33 MDT 2020] - INFO client.Proxy: 	Clear called
[Mon Aug 17 00:57:33 MDT 2020] - INFO client.Client: 	Post without Request Body called
[Mon Aug 17 00:57:33 MDT 2020] - INFO client.Client: 	Attempting to open connection to server
[Mon Aug 17 00:57:33 MDT 2020] - INFO client.Client: 	Connection opened to server
[Mon Aug 17 00:57:33 MDT 2020] - INFO client.Client: 	Setting passoffrequest method to POST
[Mon Aug 17 00:57:33 MDT 2020] - INFO client.Client: 	Request method set to POST
[Mon Aug 17 00:57:33 MDT 2020] - INFO client.Client: 	Setting Do Output to true
[Mon Aug 17 00:57:33 MDT 2020] - INFO client.Client: 	Do Output set to true
[Mon Aug 17 00:57:33 MDT 2020] - INFO client.Client: 	Connecting to server
[Mon Aug 17 00:57:33 MDT 2020] - INFO client.Client: 	Connected to server
[Mon Aug 17 00:57:33 MDT 2020] - INFO client.Client: 	Getting response code from server
[Mon Aug 17 00:57:33 MDT 2020] - INFO client.Client: 	Response code 200 returned
[Mon Aug 17 00:57:33 MDT 2020] - INFO client.Client: 	Getting input stream from server
[Mon Aug 17 00:57:33 MDT 2020] - INFO client.Client: 	Reading input stream into a string
[Mon Aug 17 00:57:34 MDT 2020] - INFO testing.java.passoff.ServerTest: 	Running File Handler Default Test...
[Mon Aug 17 00:57:34 MDT 2020] - INFO client.Proxy: 	File called
[Mon Aug 17 00:57:34 MDT 2020] - INFO client.Client: 	Get without Auth Token called
[Mon Aug 17 00:57:34 MDT 2020] - INFO client.Client: 	Attempting to open connection to server
[Mon Aug 17 00:57:34 MDT 2020] - INFO client.Client: 	Connection opened to server
[Mon Aug 17 00:57:34 MDT 2020] - INFO client.Client: 	Setting passoffrequest method to GET
[Mon Aug 17 00:57:34 MDT 2020] - INFO client.Client: 	Request method set to GET
[Mon Aug 17 00:57:34 MDT 2020] - INFO client.Client: 	Setting Do Output to false
[Mon Aug 17 00:57:34 MDT 2020] - INFO client.Client: 	Do Output set to false
[Mon Aug 17 00:57:34 MDT 2020] - INFO client.Client: 	Connecting to server
[Mon Aug 17 00:57:34 MDT 2020] - INFO client.Client: 	Connected to server
[Mon Aug 17 00:57:34 MDT 2020] - INFO client.Client: 	Getting response code from server
[Mon Aug 17 00:57:34 MDT 2020] - INFO client.Client: 	Response code 200 returned
[Mon Aug 17 00:57:34 MDT 2020] - INFO client.Client: 	Getting input stream from server
[Mon Aug 17 00:57:34 MDT 2020] - INFO client.Client: 	Reading input stream into a string
[Mon Aug 17 00:57:34 MDT 2020] - INFO testing.java.passoff.ServerTest: 	Setting up Realistic Fill Death Test...
[Mon Aug 17 00:57:34 MDT 2020] - INFO client.Proxy: 	Clear called
[Mon Aug 17 00:57:34 MDT 2020] - INFO client.Client: 	Post without Request Body called
[Mon Aug 17 00:57:34 MDT 2020] - INFO client.Client: 	Attempting to open connection to server
[Mon Aug 17 00:57:34 MDT 2020] - INFO client.Client: 	Connection opened to server
[Mon Aug 17 00:57:34 MDT 2020] - INFO client.Client: 	Setting passoffrequest method to POST
[Mon Aug 17 00:57:34 MDT 2020] - INFO client.Client: 	Request method set to POST
[Mon Aug 17 00:57:34 MDT 2020] - INFO client.Client: 	Setting Do Output to true
[Mon Aug 17 00:57:34 MDT 2020] - INFO client.Client: 	Do Output set to true
[Mon Aug 17 00:57:34 MDT 2020] - INFO client.Client: 	Connecting to server
[Mon Aug 17 00:57:34 MDT 2020] - INFO client.Client: 	Connected to server
[Mon Aug 17 00:57:34 MDT 2020] - INFO client.Client: 	Getting response code from server
[Mon Aug 17 00:57:34 MDT 2020] - INFO client.Client: 	Response code 200 returned
[Mon Aug 17 00:57:34 MDT 2020] - INFO client.Client: 	Getting input stream from server
[Mon Aug 17 00:57:34 MDT 2020] - INFO client.Client: 	Reading input stream into a string
[Mon Aug 17 00:57:34 MDT 2020] - INFO testing.java.passoff.ServerTest: 	Running Realistic Fill Death Test...
[Mon Aug 17 00:57:34 MDT 2020] - INFO client.Proxy: 	Register called
[Mon Aug 17 00:57:34 MDT 2020] - INFO client.Client: 	Post with Request Body called
[Mon Aug 17 00:57:34 MDT 2020] - INFO client.Client: 	Attempting to open connection to server
[Mon Aug 17 00:57:34 MDT 2020] - INFO client.Client: 	Connection opened to server
[Mon Aug 17 00:57:34 MDT 2020] - INFO client.Client: 	Setting passoffrequest method to POST
[Mon Aug 17 00:57:34 MDT 2020] - INFO client.Client: 	Request method set to POST
[Mon Aug 17 00:57:34 MDT 2020] - INFO client.Client: 	Setting Do Output to true
[Mon Aug 17 00:57:34 MDT 2020] - INFO client.Client: 	Do Output set to true
[Mon Aug 17 00:57:34 MDT 2020] - INFO client.Client: 	Connecting to server
[Mon Aug 17 00:57:34 MDT 2020] - INFO client.Client: 	Connected to server
[Mon Aug 17 00:57:34 MDT 2020] - INFO client.Client: 	Opening output stream to server
[Mon Aug 17 00:57:34 MDT 2020] - INFO client.Client: 	Writing passoffrequest to server output stream
[Mon Aug 17 00:57:34 MDT 2020] - INFO client.Client: 	Request written to server output stream
[Mon Aug 17 00:57:34 MDT 2020] - INFO client.Client: 	Closing output stream to server
[Mon Aug 17 00:57:34 MDT 2020] - INFO client.Client: 	Output stream to server closed
[Mon Aug 17 00:57:34 MDT 2020] - INFO client.Client: 	Getting response code from server
[Mon Aug 17 00:57:47 MDT 2020] - INFO testing.java.passoff.ServerTest: 	Setting up Login Invalid User Test...
[Mon Aug 17 00:57:47 MDT 2020] - INFO client.Proxy: 	Clear called
[Mon Aug 17 00:57:47 MDT 2020] - INFO client.Client: 	Post without Request Body called
[Mon Aug 17 00:57:47 MDT 2020] - INFO client.Client: 	Attempting to open connection to server
[Mon Aug 17 00:57:47 MDT 2020] - INFO client.Client: 	Connection opened to server
[Mon Aug 17 00:57:47 MDT 2020] - INFO client.Client: 	Setting passoffrequest method to POST
[Mon Aug 17 00:57:47 MDT 2020] - INFO client.Client: 	Request method set to POST
[Mon Aug 17 00:57:47 MDT 2020] - INFO client.Client: 	Setting Do Output to true
[Mon Aug 17 00:57:47 MDT 2020] - INFO client.Client: 	Do Output set to true
[Mon Aug 17 00:57:47 MDT 2020] - INFO client.Client: 	Connecting to server
[Mon Aug 17 00:57:47 MDT 2020] - INFO testing.java.passoff.ServerTest: 	Setting up Load Valid Info Test...
[Mon Aug 17 00:57:47 MDT 2020] - INFO client.Proxy: 	Clear called
[Mon Aug 17 00:57:47 MDT 2020] - INFO client.Client: 	Post without Request Body called
[Mon Aug 17 00:57:47 MDT 2020] - INFO client.Client: 	Attempting to open connection to server
[Mon Aug 17 00:57:47 MDT 2020] - INFO client.Client: 	Connection opened to server
[Mon Aug 17 00:57:47 MDT 2020] - INFO client.Client: 	Setting passoffrequest method to POST
[Mon Aug 17 00:57:47 MDT 2020] - INFO client.Client: 	Request method set to POST
[Mon Aug 17 00:57:47 MDT 2020] - INFO client.Client: 	Setting Do Output to true
[Mon Aug 17 00:57:47 MDT 2020] - INFO client.Client: 	Do Output set to true
[Mon Aug 17 00:57:47 MDT 2020] - INFO client.Client: 	Connecting to server
[Mon Aug 17 00:57:47 MDT 2020] - INFO testing.java.passoff.ServerTest: 	Setting up Valid Fill Relationships Test...
[Mon Aug 17 00:57:47 MDT 2020] - INFO client.Proxy: 	Clear called
[Mon Aug 17 00:57:47 MDT 2020] - INFO client.Client: 	Post without Request Body called
[Mon Aug 17 00:57:47 MDT 2020] - INFO client.Client: 	Attempting to open connection to server
[Mon Aug 17 00:57:47 MDT 2020] - INFO client.Client: 	Connection opened to server
[Mon Aug 17 00:57:47 MDT 2020] - INFO client.Client: 	Setting passoffrequest method to POST
[Mon Aug 17 00:57:47 MDT 2020] - INFO client.Client: 	Request method set to POST
[Mon Aug 17 00:57:47 MDT 2020] - INFO client.Client: 	Setting Do Output to true
[Mon Aug 17 00:57:47 MDT 2020] - INFO client.Client: 	Do Output set to true
[Mon Aug 17 00:57:47 MDT 2020] - INFO client.Client: 	Connecting to server
[Mon Aug 17 00:57:47 MDT 2020] - INFO testing.java.passoff.ServerTest: 	Setting up Events Bad Auth Token Test...
[Mon Aug 17 00:57:47 MDT 2020] - INFO client.Proxy: 	Clear called
[Mon Aug 17 00:57:47 MDT 2020] - INFO client.Client: 	Post without Request Body called
[Mon Aug 17 00:57:47 MDT 2020] - INFO client.Client: 	Attempting to open connection to server
[Mon Aug 17 00:57:47 MDT 2020] - INFO client.Client: 	Connection opened to server
[Mon Aug 17 00:57:47 MDT 2020] - INFO client.Client: 	Setting passoffrequest method to POST
[Mon Aug 17 00:57:47 MDT 2020] - INFO client.Client: 	Request method set to POST
[Mon Aug 17 00:57:47 MDT 2020] - INFO client.Client: 	Setting Do Output to true
[Mon Aug 17 00:57:47 MDT 2020] - INFO client.Client: 	Do Output set to true
[Mon Aug 17 00:57:47 MDT 2020] - INFO client.Client: 	Connecting to server
[Mon Aug 17 00:57:47 MDT 2020] - INFO testing.java.passoff.ServerTest: 	Setting up Clear Test...
[Mon Aug 17 00:57:47 MDT 2020] - INFO client.Proxy: 	Clear called
[Mon Aug 17 00:57:47 MDT 2020] - INFO client.Client: 	Post without Request Body called
[Mon Aug 17 00:57:47 MDT 2020] - INFO client.Client: 	Attempting to open connection to server
[Mon Aug 17 00:57:47 MDT 2020] - INFO client.Client: 	Connection opened to server
[Mon Aug 17 00:57:47 MDT 2020] - INFO client.Client: 	Setting passoffrequest method to POST
[Mon Aug 17 00:57:47 MDT 2020] - INFO client.Client: 	Request method set to POST
[Mon Aug 17 00:57:47 MDT 2020] - INFO client.Client: 	Setting Do Output to true
[Mon Aug 17 00:57:47 MDT 2020] - INFO client.Client: 	Do Output set to true
[Mon Aug 17 00:57:47 MDT 2020] - INFO client.Client: 	Connecting to server
[Mon Aug 17 00:57:47 MDT 2020] - INFO testing.java.passoff.ServerTest: 	Setting up Event Bad Auth Token Test...
[Mon Aug 17 00:57:47 MDT 2020] - INFO client.Proxy: 	Clear called
[Mon Aug 17 00:57:47 MDT 2020] - INFO client.Client: 	Post without Request Body called
[Mon Aug 17 00:57:47 MDT 2020] - INFO client.Client: 	Attempting to open connection to server
[Mon Aug 17 00:57:47 MDT 2020] - INFO client.Client: 	Connection opened to server
[Mon Aug 17 00:57:47 MDT 2020] - INFO client.Client: 	Setting passoffrequest method to POST
[Mon Aug 17 00:57:47 MDT 2020] - INFO client.Client: 	Request method set to POST
[Mon Aug 17 00:57:47 MDT 2020] - INFO client.Client: 	Setting Do Output to true
[Mon Aug 17 00:57:47 MDT 2020] - INFO client.Client: 	Do Output set to true
[Mon Aug 17 00:57:47 MDT 2020] - INFO client.Client: 	Connecting to server
[Mon Aug 17 00:57:47 MDT 2020] - INFO testing.java.passoff.ServerTest: 	Setting up Realistic Fill Marriage Test...
[Mon Aug 17 00:57:48 MDT 2020] - INFO client.Proxy: 	Clear called
[Mon Aug 17 00:57:48 MDT 2020] - INFO client.Client: 	Post without Request Body called
[Mon Aug 17 00:57:48 MDT 2020] - INFO client.Client: 	Attempting to open connection to server
[Mon Aug 17 00:57:48 MDT 2020] - INFO client.Client: 	Connection opened to server
[Mon Aug 17 00:57:48 MDT 2020] - INFO client.Client: 	Setting passoffrequest method to POST
[Mon Aug 17 00:57:48 MDT 2020] - INFO client.Client: 	Request method set to POST
[Mon Aug 17 00:57:48 MDT 2020] - INFO client.Client: 	Setting Do Output to true
[Mon Aug 17 00:57:48 MDT 2020] - INFO client.Client: 	Do Output set to true
[Mon Aug 17 00:57:48 MDT 2020] - INFO client.Client: 	Connecting to server
[Mon Aug 17 00:57:48 MDT 2020] - INFO testing.java.passoff.ServerTest: 	Setting up Person Wrong User Test...
[Mon Aug 17 00:57:48 MDT 2020] - INFO client.Proxy: 	Clear called
[Mon Aug 17 00:57:48 MDT 2020] - INFO client.Client: 	Post without Request Body called
[Mon Aug 17 00:57:48 MDT 2020] - INFO client.Client: 	Attempting to open connection to server
[Mon Aug 17 00:57:48 MDT 2020] - INFO client.Client: 	Connection opened to server
[Mon Aug 17 00:57:48 MDT 2020] - INFO client.Client: 	Setting passoffrequest method to POST
[Mon Aug 17 00:57:48 MDT 2020] - INFO client.Client: 	Request method set to POST
[Mon Aug 17 00:57:48 MDT 2020] - INFO client.Client: 	Setting Do Output to true
[Mon Aug 17 00:57:48 MDT 2020] - INFO client.Client: 	Do Output set to true
[Mon Aug 17 00:57:48 MDT 2020] - INFO client.Client: 	Connecting to server
[Mon Aug 17 00:57:48 MDT 2020] - INFO testing.java.passoff.ServerTest: 	Setting up Person Bad Auth Token Test...
[Mon Aug 17 00:57:48 MDT 2020] - INFO client.Proxy: 	Clear called
[Mon Aug 17 00:57:48 MDT 2020] - INFO client.Client: 	Post without Request Body called
[Mon Aug 17 00:57:48 MDT 2020] - INFO client.Client: 	Attempting to open connection to server
[Mon Aug 17 00:57:48 MDT 2020] - INFO client.Client: 	Connection opened to server
[Mon Aug 17 00:57:48 MDT 2020] - INFO client.Client: 	Setting passoffrequest method to POST
[Mon Aug 17 00:57:48 MDT 2020] - INFO client.Client: 	Request method set to POST
[Mon Aug 17 00:57:48 MDT 2020] - INFO client.Client: 	Setting Do Output to true
[Mon Aug 17 00:57:48 MDT 2020] - INFO client.Client: 	Do Output set to true
[Mon Aug 17 00:57:48 MDT 2020] - INFO client.Client: 	Connecting to server
[Mon Aug 17 00:57:48 MDT 2020] - INFO testing.java.passoff.ServerTest: 	Setting up Event Valid Test...
[Mon Aug 17 00:57:48 MDT 2020] - INFO client.Proxy: 	Clear called
[Mon Aug 17 00:57:48 MDT 2020] - INFO client.Client: 	Post without Request Body called
[Mon Aug 17 00:57:48 MDT 2020] - INFO client.Client: 	Attempting to open connection to server
[Mon Aug 17 00:57:48 MDT 2020] - INFO client.Client: 	Connection opened to server
[Mon Aug 17 00:57:48 MDT 2020] - INFO client.Client: 	Setting passoffrequest method to POST
[Mon Aug 17 00:57:48 MDT 2020] - INFO client.Client: 	Request method set to POST
[Mon Aug 17 00:57:48 MDT 2020] - INFO client.Client: 	Setting Do Output to true
[Mon Aug 17 00:57:48 MDT 2020] - INFO client.Client: 	Do Output set to true
[Mon Aug 17 00:57:48 MDT 2020] - INFO client.Client: 	Connecting to server
[Mon Aug 17 00:57:48 MDT 2020] - INFO testing.java.passoff.ServerTest: 	Setting up Fill 2 Valid Test...
[Mon Aug 17 00:57:48 MDT 2020] - INFO client.Proxy: 	Clear called
[Mon Aug 17 00:57:48 MDT 2020] - INFO client.Client: 	Post without Request Body called
[Mon Aug 17 00:57:48 MDT 2020] - INFO client.Client: 	Attempting to open connection to server
[Mon Aug 17 00:57:48 MDT 2020] - INFO client.Client: 	Connection opened to server
[Mon Aug 17 00:57:48 MDT 2020] - INFO client.Client: 	Setting passoffrequest method to POST
[Mon Aug 17 00:57:48 MDT 2020] - INFO client.Client: 	Request method set to POST
[Mon Aug 17 00:57:48 MDT 2020] - INFO client.Client: 	Setting Do Output to true
[Mon Aug 17 00:57:48 MDT 2020] - INFO client.Client: 	Do Output set to true
[Mon Aug 17 00:57:48 MDT 2020] - INFO client.Client: 	Connecting to server
[Mon Aug 17 00:57:48 MDT 2020] - INFO testing.java.passoff.ServerTest: 	Setting up Fill 4 Valid Test...
[Mon Aug 17 00:57:48 MDT 2020] - INFO client.Proxy: 	Clear called
[Mon Aug 17 00:57:48 MDT 2020] - INFO client.Client: 	Post without Request Body called
[Mon Aug 17 00:57:48 MDT 2020] - INFO client.Client: 	Attempting to open connection to server
[Mon Aug 17 00:57:48 MDT 2020] - INFO client.Client: 	Connection opened to server
[Mon Aug 17 00:57:48 MDT 2020] - INFO client.Client: 	Setting passoffrequest method to POST
[Mon Aug 17 00:57:48 MDT 2020] - INFO client.Client: 	Request method set to POST
[Mon Aug 17 00:57:48 MDT 2020] - INFO client.Client: 	Setting Do Output to true
[Mon Aug 17 00:57:48 MDT 2020] - INFO client.Client: 	Do Output set to true
[Mon Aug 17 00:57:48 MDT 2020] - INFO client.Client: 	Connecting to server
[Mon Aug 17 00:57:48 MDT 2020] - INFO testing.java.passoff.ServerTest: 	Setting up Fill 5 Valid Test...
[Mon Aug 17 00:57:48 MDT 2020] - INFO client.Proxy: 	Clear called
[Mon Aug 17 00:57:48 MDT 2020] - INFO client.Client: 	Post without Request Body called
[Mon Aug 17 00:57:48 MDT 2020] - INFO client.Client: 	Attempting to open connection to server
[Mon Aug 17 00:57:48 MDT 2020] - INFO client.Client: 	Connection opened to server
[Mon Aug 17 00:57:48 MDT 2020] - INFO client.Client: 	Setting passoffrequest method to POST
[Mon Aug 17 00:57:48 MDT 2020] - INFO client.Client: 	Request method set to POST
[Mon Aug 17 00:57:48 MDT 2020] - INFO client.Client: 	Setting Do Output to true
[Mon Aug 17 00:57:48 MDT 2020] - INFO client.Client: 	Do Output set to true
[Mon Aug 17 00:57:48 MDT 2020] - INFO client.Client: 	Connecting to server
[Mon Aug 17 00:57:48 MDT 2020] - INFO testing.java.passoff.ServerTest: 	Setting up Persons Valid Test...
[Mon Aug 17 00:57:48 MDT 2020] - INFO client.Proxy: 	Clear called
[Mon Aug 17 00:57:48 MDT 2020] - INFO client.Client: 	Post without Request Body called
[Mon Aug 17 00:57:48 MDT 2020] - INFO client.Client: 	Attempting to open connection to server
[Mon Aug 17 00:57:48 MDT 2020] - INFO client.Client: 	Connection opened to server
[Mon Aug 17 00:57:48 MDT 2020] - INFO client.Client: 	Setting passoffrequest method to POST
[Mon Aug 17 00:57:48 MDT 2020] - INFO client.Client: 	Request method set to POST
[Mon Aug 17 00:57:48 MDT 2020] - INFO client.Client: 	Setting Do Output to true
[Mon Aug 17 00:57:48 MDT 2020] - INFO client.Client: 	Do Output set to true
[Mon Aug 17 00:57:48 MDT 2020] - INFO client.Client: 	Connecting to server
[Mon Aug 17 00:57:48 MDT 2020] - INFO testing.java.passoff.ServerTest: 	Setting up Load Valid Test...
[Mon Aug 17 00:57:48 MDT 2020] - INFO client.Proxy: 	Clear called
[Mon Aug 17 00:57:48 MDT 2020] - INFO client.Client: 	Post without Request Body called
[Mon Aug 17 00:57:48 MDT 2020] - INFO client.Client: 	Attempting to open connection to server
[Mon Aug 17 00:57:48 MDT 2020] - INFO client.Client: 	Connection opened to server
[Mon Aug 17 00:57:48 MDT 2020] - INFO client.Client: 	Setting passoffrequest method to POST
[Mon Aug 17 00:57:48 MDT 2020] - INFO client.Client: 	Request method set to POST
[Mon Aug 17 00:57:48 MDT 2020] - INFO client.Client: 	Setting Do Output to true
[Mon Aug 17 00:57:48 MDT 2020] - INFO client.Client: 	Do Output set to true
[Mon Aug 17 00:57:48 MDT 2020] - INFO client.Client: 	Connecting to server
[Mon Aug 17 00:57:48 MDT 2020] - INFO testing.java.passoff.ServerTest: 	Setting up Re-Register User Test...
[Mon Aug 17 00:57:48 MDT 2020] - INFO client.Proxy: 	Clear called
[Mon Aug 17 00:57:48 MDT 2020] - INFO client.Client: 	Post without Request Body called
[Mon Aug 17 00:57:48 MDT 2020] - INFO client.Client: 	Attempting to open connection to server
[Mon Aug 17 00:57:48 MDT 2020] - INFO client.Client: 	Connection opened to server
[Mon Aug 17 00:57:48 MDT 2020] - INFO client.Client: 	Setting passoffrequest method to POST
[Mon Aug 17 00:57:48 MDT 2020] - INFO client.Client: 	Request method set to POST
[Mon Aug 17 00:57:48 MDT 2020] - INFO client.Client: 	Setting Do Output to true
[Mon Aug 17 00:57:48 MDT 2020] - INFO client.Client: 	Do Output set to true
[Mon Aug 17 00:57:48 MDT 2020] - INFO client.Client: 	Connecting to server
[Mon Aug 17 00:57:48 MDT 2020] - INFO testing.java.passoff.ServerTest: 	Setting up Login Invalid Password Test...
[Mon Aug 17 00:57:48 MDT 2020] - INFO client.Proxy: 	Clear called
[Mon Aug 17 00:57:48 MDT 2020] - INFO client.Client: 	Post without Request Body called
[Mon Aug 17 00:57:48 MDT 2020] - INFO client.Client: 	Attempting to open connection to server
[Mon Aug 17 00:57:48 MDT 2020] - INFO client.Client: 	Connection opened to server
[Mon Aug 17 00:57:48 MDT 2020] - INFO client.Client: 	Setting passoffrequest method to POST
[Mon Aug 17 00:57:48 MDT 2020] - INFO client.Client: 	Request method set to POST
[Mon Aug 17 00:57:48 MDT 2020] - INFO client.Client: 	Setting Do Output to true
[Mon Aug 17 00:57:48 MDT 2020] - INFO client.Client: 	Do Output set to true
[Mon Aug 17 00:57:48 MDT 2020] - INFO client.Client: 	Connecting to server
[Mon Aug 17 00:57:48 MDT 2020] - INFO testing.java.passoff.ServerTest: 	Setting up Event Wrong User Test...
[Mon Aug 17 00:57:48 MDT 2020] - INFO client.Proxy: 	Clear called
[Mon Aug 17 00:57:48 MDT 2020] - INFO client.Client: 	Post without Request Body called
[Mon Aug 17 00:57:48 MDT 2020] - INFO client.Client: 	Attempting to open connection to server
[Mon Aug 17 00:57:48 MDT 2020] - INFO client.Client: 	Connection opened to server
[Mon Aug 17 00:57:48 MDT 2020] - INFO client.Client: 	Setting passoffrequest method to POST
[Mon Aug 17 00:57:48 MDT 2020] - INFO client.Client: 	Request method set to POST
[Mon Aug 17 00:57:48 MDT 2020] - INFO client.Client: 	Setting Do Output to true
[Mon Aug 17 00:57:48 MDT 2020] - INFO client.Client: 	Do Output set to true
[Mon Aug 17 00:57:48 MDT 2020] - INFO client.Client: 	Connecting to server
[Mon Aug 17 00:57:48 MDT 2020] - INFO testing.java.passoff.ServerTest: 	Setting up Realistic Fill Birth Test...
[Mon Aug 17 00:57:48 MDT 2020] - INFO client.Proxy: 	Clear called
[Mon Aug 17 00:57:48 MDT 2020] - INFO client.Client: 	Post without Request Body called
[Mon Aug 17 00:57:48 MDT 2020] - INFO client.Client: 	Attempting to open connection to server
[Mon Aug 17 00:57:48 MDT 2020] - INFO client.Client: 	Connection opened to server
[Mon Aug 17 00:57:48 MDT 2020] - INFO client.Client: 	Setting passoffrequest method to POST
[Mon Aug 17 00:57:48 MDT 2020] - INFO client.Client: 	Request method set to POST
[Mon Aug 17 00:57:48 MDT 2020] - INFO client.Client: 	Setting Do Output to true
[Mon Aug 17 00:57:48 MDT 2020] - INFO client.Client: 	Do Output set to true
[Mon Aug 17 00:57:48 MDT 2020] - INFO client.Client: 	Connecting to server
[Mon Aug 17 00:57:48 MDT 2020] - INFO testing.java.passoff.ServerTest: 	Setting up Events Valid Test...
[Mon Aug 17 00:57:48 MDT 2020] - INFO client.Proxy: 	Clear called
[Mon Aug 17 00:57:48 MDT 2020] - INFO client.Client: 	Post without Request Body called
[Mon Aug 17 00:57:48 MDT 2020] - INFO client.Client: 	Attempting to open connection to server
[Mon Aug 17 00:57:48 MDT 2020] - INFO client.Client: 	Connection opened to server
[Mon Aug 17 00:57:48 MDT 2020] - INFO client.Client: 	Setting passoffrequest method to POST
[Mon Aug 17 00:57:48 MDT 2020] - INFO client.Client: 	Request method set to POST
[Mon Aug 17 00:57:48 MDT 2020] - INFO client.Client: 	Setting Do Output to true
[Mon Aug 17 00:57:48 MDT 2020] - INFO client.Client: 	Do Output set to true
[Mon Aug 17 00:57:48 MDT 2020] - INFO client.Client: 	Connecting to server
[Mon Aug 17 00:57:48 MDT 2020] - INFO testing.java.passoff.ServerTest: 	Setting up Person Valid Test...
[Mon Aug 17 00:57:48 MDT 2020] - INFO client.Proxy: 	Clear called
[Mon Aug 17 00:57:48 MDT 2020] - INFO client.Client: 	Post without Request Body called
[Mon Aug 17 00:57:48 MDT 2020] - INFO client.Client: 	Attempting to open connection to server
[Mon Aug 17 00:57:48 MDT 2020] - INFO client.Client: 	Connection opened to server
[Mon Aug 17 00:57:48 MDT 2020] - INFO client.Client: 	Setting passoffrequest method to POST
[Mon Aug 17 00:57:48 MDT 2020] - INFO client.Client: 	Request method set to POST
[Mon Aug 17 00:57:48 MDT 2020] - INFO client.Client: 	Setting Do Output to true
[Mon Aug 17 00:57:48 MDT 2020] - INFO client.Client: 	Do Output set to true
[Mon Aug 17 00:57:48 MDT 2020] - INFO client.Client: 	Connecting to server
[Mon Aug 17 00:57:48 MDT 2020] - INFO testing.java.passoff.ServerTest: 	Setting up Register Valid New User Test...
[Mon Aug 17 00:57:48 MDT 2020] - INFO client.Proxy: 	Clear called
[Mon Aug 17 00:57:48 MDT 2020] - INFO client.Client: 	Post without Request Body called
[Mon Aug 17 00:57:48 MDT 2020] - INFO client.Client: 	Attempting to open connection to server
[Mon Aug 17 00:57:48 MDT 2020] - INFO client.Client: 	Connection opened to server
[Mon Aug 17 00:57:48 MDT 2020] - INFO client.Client: 	Setting passoffrequest method to POST
[Mon Aug 17 00:57:48 MDT 2020] - INFO client.Client: 	Request method set to POST
[Mon Aug 17 00:57:48 MDT 2020] - INFO client.Client: 	Setting Do Output to true
[Mon Aug 17 00:57:48 MDT 2020] - INFO client.Client: 	Do Output set to true
[Mon Aug 17 00:57:48 MDT 2020] - INFO client.Client: 	Connecting to server
[Mon Aug 17 00:57:48 MDT 2020] - INFO testing.java.passoff.ServerTest: 	Setting up File Handler 404 Test...
[Mon Aug 17 00:57:48 MDT 2020] - INFO client.Proxy: 	Clear called
[Mon Aug 17 00:57:48 MDT 2020] - INFO client.Client: 	Post without Request Body called
[Mon Aug 17 00:57:48 MDT 2020] - INFO client.Client: 	Attempting to open connection to server
[Mon Aug 17 00:57:48 MDT 2020] - INFO client.Client: 	Connection opened to server
[Mon Aug 17 00:57:48 MDT 2020] - INFO client.Client: 	Setting passoffrequest method to POST
[Mon Aug 17 00:57:48 MDT 2020] - INFO client.Client: 	Request method set to POST
[Mon Aug 17 00:57:48 MDT 2020] - INFO client.Client: 	Setting Do Output to true
[Mon Aug 17 00:57:48 MDT 2020] - INFO client.Client: 	Do Output set to true
[Mon Aug 17 00:57:48 MDT 2020] - INFO client.Client: 	Connecting to server
[Mon Aug 17 00:57:48 MDT 2020] - INFO testing.java.passoff.ServerTest: 	Setting up File Handler Test...
[Mon Aug 17 00:57:48 MDT 2020] - INFO client.Proxy: 	Clear called
[Mon Aug 17 00:57:48 MDT 2020] - INFO client.Client: 	Post without Request Body called
[Mon Aug 17 00:57:48 MDT 2020] - INFO client.Client: 	Attempting to open connection to server
[Mon Aug 17 00:57:48 MDT 2020] - INFO client.Client: 	Connection opened to server
[Mon Aug 17 00:57:48 MDT 2020] - INFO client.Client: 	Setting passoffrequest method to POST
[Mon Aug 17 00:57:48 MDT 2020] - INFO client.Client: 	Request method set to POST
[Mon Aug 17 00:57:48 MDT 2020] - INFO client.Client: 	Setting Do Output to true
[Mon Aug 17 00:57:48 MDT 2020] - INFO client.Client: 	Do Output set to true
[Mon Aug 17 00:57:48 MDT 2020] - INFO client.Client: 	Connecting to server
[Mon Aug 17 00:57:48 MDT 2020] - INFO testing.java.passoff.ServerTest: 	Setting up Persons Bad Auth Token Test...
[Mon Aug 17 00:57:48 MDT 2020] - INFO client.Proxy: 	Clear called
[Mon Aug 17 00:57:48 MDT 2020] - INFO client.Client: 	Post without Request Body called
[Mon Aug 17 00:57:48 MDT 2020] - INFO client.Client: 	Attempting to open connection to server
[Mon Aug 17 00:57:48 MDT 2020] - INFO client.Client: 	Connection opened to server
[Mon Aug 17 00:57:48 MDT 2020] - INFO client.Client: 	Setting passoffrequest method to POST
[Mon Aug 17 00:57:48 MDT 2020] - INFO client.Client: 	Request method set to POST
[Mon Aug 17 00:57:48 MDT 2020] - INFO client.Client: 	Setting Do Output to true
[Mon Aug 17 00:57:48 MDT 2020] - INFO client.Client: 	Do Output set to true
[Mon Aug 17 00:57:48 MDT 2020] - INFO client.Client: 	Connecting to server
[Mon Aug 17 00:57:48 MDT 2020] - INFO testing.java.passoff.ServerTest: 	Setting up Fill Does Not Affect Other Users Test...
[Mon Aug 17 00:57:48 MDT 2020] - INFO client.Proxy: 	Clear called
[Mon Aug 17 00:57:48 MDT 2020] - INFO client.Client: 	Post without Request Body called
[Mon Aug 17 00:57:48 MDT 2020] - INFO client.Client: 	Attempting to open connection to server
[Mon Aug 17 00:57:48 MDT 2020] - INFO client.Client: 	Connection opened to server
[Mon Aug 17 00:57:48 MDT 2020] - INFO client.Client: 	Setting passoffrequest method to POST
[Mon Aug 17 00:57:48 MDT 2020] - INFO client.Client: 	Request method set to POST
[Mon Aug 17 00:57:48 MDT 2020] - INFO client.Client: 	Setting Do Output to true
[Mon Aug 17 00:57:48 MDT 2020] - INFO client.Client: 	Do Output set to true
[Mon Aug 17 00:57:48 MDT 2020] - INFO client.Client: 	Connecting to server
[Mon Aug 17 00:57:48 MDT 2020] - INFO testing.java.passoff.ServerTest: 	Setting up Login Valid User Test...
[Mon Aug 17 00:57:48 MDT 2020] - INFO client.Proxy: 	Clear called
[Mon Aug 17 00:57:48 MDT 2020] - INFO client.Client: 	Post without Request Body called
[Mon Aug 17 00:57:48 MDT 2020] - INFO client.Client: 	Attempting to open connection to server
[Mon Aug 17 00:57:48 MDT 2020] - INFO client.Client: 	Connection opened to server
[Mon Aug 17 00:57:48 MDT 2020] - INFO client.Client: 	Setting passoffrequest method to POST
[Mon Aug 17 00:57:48 MDT 2020] - INFO client.Client: 	Request method set to POST
[Mon Aug 17 00:57:48 MDT 2020] - INFO client.Client: 	Setting Do Output to true
[Mon Aug 17 00:57:48 MDT 2020] - INFO client.Client: 	Do Output set to true
[Mon Aug 17 00:57:48 MDT 2020] - INFO client.Client: 	Connecting to server
