[Mon Aug 03 01:36:12 MDT 2020] - INFO passoff.ServerTest: 	Setting up Register Valid New User Test...
[Mon Aug 03 01:36:12 MDT 2020] - INFO client.Proxy: 	Clear called
[Mon Aug 03 01:36:12 MDT 2020] - INFO client.Client: 	Post without Request Body called
[Mon Aug 03 01:36:12 MDT 2020] - INFO client.Client: 	Attempting to open connection to server
[Mon Aug 03 01:36:12 MDT 2020] - INFO client.Client: 	Connection opened to server
[Mon Aug 03 01:36:12 MDT 2020] - INFO client.Client: 	Setting passoffrequest method to POST
[Mon Aug 03 01:36:12 MDT 2020] - INFO client.Client: 	Request method set to POST
[Mon Aug 03 01:36:12 MDT 2020] - INFO client.Client: 	Setting Do Output to true
[Mon Aug 03 01:36:12 MDT 2020] - INFO client.Client: 	Do Output set to true
[Mon Aug 03 01:36:12 MDT 2020] - INFO client.Client: 	Connecting to server
[Mon Aug 03 01:36:12 MDT 2020] - INFO client.Client: 	Connected to server
[Mon Aug 03 01:36:12 MDT 2020] - INFO client.Client: 	Getting response code from server
[Mon Aug 03 01:36:12 MDT 2020] - INFO client.Client: 	Response code 200 returned
[Mon Aug 03 01:36:12 MDT 2020] - INFO client.Client: 	Getting input stream from server
[Mon Aug 03 01:36:12 MDT 2020] - INFO client.Client: 	Reading input stream into a string
[Mon Aug 03 01:36:12 MDT 2020] - INFO passoff.ServerTest: 	Running Register Valid New User Test...
[Mon Aug 03 01:36:32 MDT 2020] - INFO client.Proxy: 	Register called
[Mon Aug 03 01:36:32 MDT 2020] - INFO client.Client: 	Post with Request Body called
[Mon Aug 03 01:36:32 MDT 2020] - INFO client.Client: 	Attempting to open connection to server
[Mon Aug 03 01:36:32 MDT 2020] - INFO client.Client: 	Connection opened to server
[Mon Aug 03 01:36:32 MDT 2020] - INFO client.Client: 	Setting passoffrequest method to POST
[Mon Aug 03 01:36:32 MDT 2020] - INFO client.Client: 	Request method set to POST
[Mon Aug 03 01:36:32 MDT 2020] - INFO client.Client: 	Setting Do Output to true
[Mon Aug 03 01:36:32 MDT 2020] - INFO client.Client: 	Do Output set to true
[Mon Aug 03 01:36:32 MDT 2020] - INFO client.Client: 	Connecting to server
[Mon Aug 03 01:36:32 MDT 2020] - INFO client.Client: 	Connected to server
[Mon Aug 03 01:36:32 MDT 2020] - INFO client.Client: 	Opening output stream to server
[Mon Aug 03 01:36:32 MDT 2020] - INFO client.Client: 	Writing passoffrequest to server output stream
[Mon Aug 03 01:36:32 MDT 2020] - INFO client.Client: 	Request written to server output stream
[Mon Aug 03 01:36:32 MDT 2020] - INFO client.Client: 	Closing output stream to server
[Mon Aug 03 01:36:32 MDT 2020] - INFO client.Client: 	Output stream to server closed
[Mon Aug 03 01:36:32 MDT 2020] - INFO client.Client: 	Getting response code from server
